\BOOKMARK [1][-]{section.1}{Introduction}{}% 1
\BOOKMARK [1][-]{section.2}{Background}{}% 2
\BOOKMARK [1][-]{section.3}{Assumptions}{}% 3
\BOOKMARK [1][-]{section.4}{Part\040i:\040Mining\040for\040the\040given\040data\040sets}{}% 4
\BOOKMARK [2][-]{subsection.4.1}{Data\040Preprocessing}{section.4}% 5
\BOOKMARK [2][-]{subsection.4.2}{Review\040Information\040Extraction}{section.4}% 6
\BOOKMARK [2][-]{subsection.4.3}{Evaluation\040Model\040for\040Reviews\040Helpfulness}{section.4}% 7
\BOOKMARK [1][-]{section.5}{Part\040ii:\040Analysis\040and\040solution\040of\040specific\040problems}{}% 8
\BOOKMARK [2][-]{subsection.5.1}{Most\040Informative\040Measures\040to\040Track}{section.5}% 9
\BOOKMARK [2][-]{subsection.5.2}{Measures\040that\040Suggests\040Reputation\040Trends}{section.5}% 10
\BOOKMARK [2][-]{subsection.5.3}{Measure\040Combinations\040that\040Indicate\040Products'\040Success/\040Failure}{section.5}% 11
\BOOKMARK [2][-]{subsection.5.4}{Relationship\040Between\040Ratings\040and\040Review\040Types}{section.5}% 12
\BOOKMARK [2][-]{subsection.5.5}{Relationship\040Between\040Ratings\040and\040Review\040Descriptors}{section.5}% 13
\BOOKMARK [1][-]{section.6}{Part\040iii:\040Feature\040extraction\040of\040specific\040products}{}% 14
\BOOKMARK [1][-]{section.7}{Model\040Evaluation}{}% 15
\BOOKMARK [2][-]{subsection.7.1}{Review\040Helpfulness\040Model}{section.7}% 16
\BOOKMARK [2][-]{subsection.7.2}{Regression\040Model}{section.7}% 17
\BOOKMARK [1][-]{section.8}{Strengths\040and\040weaknesses}{}% 18
\BOOKMARK [2][-]{subsection.8.1}{Strengths}{section.8}% 19
\BOOKMARK [2][-]{subsection.8.2}{Weaknesses}{section.8}% 20
\BOOKMARK [1][-]{section*.2}{Appendices}{}% 21
